2022-02-08 00:07:44,803  * Restarting with stat
2022-02-08 00:07:46,084  * Debugger is active!
2022-02-08 00:07:46,084  * Debugger PIN: 162-847-642
2022-02-08 00:07:46,163  * Running on http://127.0.0.1:5000/ (Press CTRL+C to quit)
2022-02-08 00:08:34,400 data from the web page has arrinved
2022-02-08 00:08:34,400 This is 'collection_data' function of CollectData class
2022-02-08 00:08:34,408 collected data converted into dataframe successfully 
2022-02-08 00:08:34,408 data is going for prediction
2022-02-08 00:08:34,408 this is 'predict' funtion of 'Prediction' class..
2022-02-08 00:08:34,408  going for label encoding of data
2022-02-08 00:08:34,408 this is 'label_encode' function of Preprocessor class
2022-02-08 00:08:34,408 This is 'load_encoder' function of FileLoader class
2022-02-08 00:08:34,416 ERROR occured while loding label encoder for Item_Fat_Content,deu to incomplete format
2022-02-08 00:08:34,424 prediction Faild due to : incomplete format
2022-02-08 00:08:34,459 127.0.0.1 - - [08/Feb/2022 00:08:34] "[35m[1mPOST /predict HTTP/1.1[0m" 500 -
2022-02-08 00:11:31,103  * Detected change in 'C:\\Users\\Adesh Kumar\\PycharmProjects\\intership\\file_loader\\File_Loader.py', reloading
2022-02-08 00:11:31,244  * Restarting with stat
2022-02-08 00:11:32,852  * Debugger is active!
2022-02-08 00:11:32,868  * Debugger PIN: 162-847-642
2022-02-08 00:11:32,932  * Running on http://127.0.0.1:5000/ (Press CTRL+C to quit)
2022-02-08 00:11:34,290 data from the web page has arrinved
2022-02-08 00:11:34,290 This is 'collection_data' function of CollectData class
2022-02-08 00:11:34,290 collected data converted into dataframe successfully 
2022-02-08 00:11:34,290 data is going for prediction
2022-02-08 00:11:34,290 this is 'predict' funtion of 'Prediction' class..
2022-02-08 00:11:34,290  going for label encoding of data
2022-02-08 00:11:34,290 this is 'label_encode' function of Preprocessor class
2022-02-08 00:11:34,290 This is 'load_encoder' function of FileLoader class
2022-02-08 00:11:34,290 loading label encoder for Item_Fat_Content
2022-02-08 00:11:35,479 loaded label encoder for Item_Fat_Content
2022-02-08 00:11:35,479 label encoding done for Item_Fat_Content
2022-02-08 00:11:35,479 This is 'load_encoder' function of FileLoader class
2022-02-08 00:11:35,479 loading label encoder for Outlet_Identifier
2022-02-08 00:11:35,479 loaded label encoder for Outlet_Identifier
2022-02-08 00:11:35,479 label encoding done for Outlet_Identifier
2022-02-08 00:11:35,479 This is 'load_encoder' function of FileLoader class
2022-02-08 00:11:35,479 loading label encoder for Outlet_Size
2022-02-08 00:11:35,487 loaded label encoder for Outlet_Size
2022-02-08 00:11:35,487 label encoding done for Outlet_Size
2022-02-08 00:11:35,487 This is 'load_encoder' function of FileLoader class
2022-02-08 00:11:35,487 loading label encoder for Outlet_Location_Type
2022-02-08 00:11:35,495 loaded label encoder for Outlet_Location_Type
2022-02-08 00:11:35,495 label encoding done for Outlet_Location_Type
2022-02-08 00:11:35,495 This is 'load_encoder' function of FileLoader class
2022-02-08 00:11:35,495 loading label encoder for Outlet_Type
2022-02-08 00:11:35,495 loaded label encoder for Outlet_Type
2022-02-08 00:11:35,495 label encoding done for Outlet_Type
2022-02-08 00:11:35,495 This is 'load_encoder' function of FileLoader class
2022-02-08 00:11:35,495 loading label encoder for Item_Type
2022-02-08 00:11:35,503 loaded label encoder for Item_Type
2022-02-08 00:11:35,503 label encoding done for Item_Type
2022-02-08 00:11:35,503 This is 'load_encoder' function of FileLoader class
2022-02-08 00:11:35,503 loading label encoder for Item_Type_New
2022-02-08 00:11:35,511 loaded label encoder for Item_Type_New
2022-02-08 00:11:35,511 label encoding done for Item_Type_New
2022-02-08 00:11:35,511  label encoding of data is Done
2022-02-08 00:11:35,511  going for scaling of data
2022-02-08 00:11:35,511 This is 'scaling' function of Preprocessor class
2022-02-08 00:11:35,511 This is 'load_scaler' function of FileLoder class
2022-02-08 00:11:35,511 scaler object loaded
2022-02-08 00:11:35,519 scaling transformation done successfully
2022-02-08 00:11:35,519  scaling of data Done
2022-02-08 00:11:35,519 Loading Model...
2022-02-08 00:11:35,519 This is 'load_model' function of FileLOder class
2022-02-08 00:11:35,812  Model loaded
2022-02-08 00:11:35,812 
2022-02-08 00:11:35,820  prediction done successfully....!
2022-02-08 00:11:35,820 data returning to page
2022-02-08 00:11:35,820 127.0.0.1 - - [08/Feb/2022 00:11:35] "POST /predict HTTP/1.1" 200 -
2022-02-08 23:43:11,087  * Restarting with stat
2022-02-08 23:43:11,998  * Debugger is active!
2022-02-08 23:43:12,014  * Debugger PIN: 162-847-642
2022-02-08 23:43:12,076  * Running on http://127.0.0.1:5000/ (Press CTRL+C to quit)
2022-02-08 23:44:08,077 /prediction URl called
2022-02-08 23:44:08,078 ERROR occured 400 Bad Request: Failed to decode JSON object: Expecting property name enclosed in double quotes: line 12 column 1 (char 398)
2022-02-08 23:44:08,078 127.0.0.1 - - [08/Feb/2022 23:44:08] "[31m[1mPOST /predict HTTP/1.1[0m" 400 -
2022-02-08 23:44:35,641 /prediction URl called
2022-02-08 23:44:35,641 Data from the web page has arrinved.
2022-02-08 23:44:35,641 'collection_data' function of CollectData class has been called
2022-02-08 23:44:35,642 Data collection done
2022-02-08 23:44:35,642 Data is going for prediction.
2022-02-08 23:44:35,642 this is 'predict' funtion of 'Prediction' class..
2022-02-08 23:44:35,642  going for label encoding of data
2022-02-08 23:44:35,642 'label_encode' function of Preprocessor class has been called
2022-02-08 23:44:35,642 This is 'load_encoder' function of FileLoader class
2022-02-08 23:44:35,642 loading label encoder for Item_Fat_Content
2022-02-08 23:44:36,321 label encoding done for Item_Fat_Content
2022-02-08 23:44:36,321 This is 'load_encoder' function of FileLoader class
2022-02-08 23:44:36,321 loading label encoder for Outlet_Identifier
2022-02-08 23:44:36,338 ERROR occurred while label encoding due to: 'Outlet_Identifier'
2022-02-08 23:44:36,338 prediction Faild due to : 'Outlet_Identifier'
2022-02-08 23:44:36,338 ERROR occured 'Outlet_Identifier'
2022-02-08 23:44:36,608 127.0.0.1 - - [08/Feb/2022 23:44:36] "[35m[1mPOST /predict HTTP/1.1[0m" 500 -
2022-02-08 23:46:58,809  * Detected change in 'C:\\Users\\Adesh Kumar\\PycharmProjects\\intership\\preprocessing\\preprocessing.py', reloading
2022-02-08 23:46:58,919  * Restarting with stat
2022-02-08 23:46:59,872  * Debugger is active!
2022-02-08 23:46:59,887  * Debugger PIN: 162-847-642
2022-02-08 23:46:59,934  * Running on http://127.0.0.1:5000/ (Press CTRL+C to quit)
2022-02-08 23:47:48,937 /prediction URl called
2022-02-08 23:47:48,938 Data from the web page has arrinved.
2022-02-08 23:47:48,938 'collection_data' function of CollectData class has been called
2022-02-08 23:47:48,938 Data collection done
2022-02-08 23:47:48,938 Data is going for prediction.
2022-02-08 23:47:48,938 this is 'predict' funtion of 'Prediction' class..
2022-02-08 23:47:48,938  going for label encoding of data
2022-02-08 23:47:48,938 'label_encode' function of Preprocessor class has been called
2022-02-08 23:47:48,939 This is 'load_encoder' function of FileLoader class
2022-02-08 23:47:48,939 loading label encoder for Item_Fat_Content
2022-02-08 23:47:49,590 label encoding done for Item_Fat_Content
2022-02-08 23:47:49,590 This is 'load_encoder' function of FileLoader class
2022-02-08 23:47:49,590 loading label encoder for Outlet_Size
2022-02-08 23:47:49,597 label encoding done for Outlet_Size
2022-02-08 23:47:49,597 This is 'load_encoder' function of FileLoader class
2022-02-08 23:47:49,597 loading label encoder for Outlet_Location_Type
2022-02-08 23:47:49,600 label encoding done for Outlet_Location_Type
2022-02-08 23:47:49,600 This is 'load_encoder' function of FileLoader class
2022-02-08 23:47:49,600 loading label encoder for Outlet_Type
2022-02-08 23:47:49,615 label encoding done for Outlet_Type
2022-02-08 23:47:49,615 This is 'load_encoder' function of FileLoader class
2022-02-08 23:47:49,617 loading label encoder for Item_Type
2022-02-08 23:47:49,619 label encoding done for Item_Type
2022-02-08 23:47:49,619  label encoding of data is Done
2022-02-08 23:47:49,619  going for scaling of data
2022-02-08 23:47:49,619 'scaling' function of Preprocessor class has been called
2022-02-08 23:47:49,621 'load_scaler' function of FileLoder class has been called
2022-02-08 23:47:49,626  scaling of data Done
2022-02-08 23:47:49,627 Loading Model...
2022-02-08 23:47:49,627 Loading Model by using 'load_model' function of FileLoader class
2022-02-08 23:47:49,766  Model loaded
2022-02-08 23:47:49,767 using model for prediction
2022-02-08 23:47:49,768  prediction done successfully....!
2022-02-08 23:47:49,768 Result returning to page
2022-02-08 23:47:49,768 127.0.0.1 - - [08/Feb/2022 23:47:49] "POST /predict HTTP/1.1" 200 -
2022-02-08 23:57:19,659  * Detected change in 'C:\\Users\\Adesh Kumar\\PycharmProjects\\intership\\main.py', reloading
2022-02-08 23:57:19,752  * Restarting with stat
2022-02-08 23:57:20,774  * Debugger is active!
2022-02-08 23:57:20,782  * Debugger PIN: 162-847-642
2022-02-08 23:57:20,840  * Running on http://127.0.0.1:5000/ (Press CTRL+C to quit)
2022-02-08 23:57:27,779 Home page opened
2022-02-08 23:57:27,779 127.0.0.1 - - [08/Feb/2022 23:57:27] "GET / HTTP/1.1" 200 -
2022-02-08 23:57:28,042 127.0.0.1 - - [08/Feb/2022 23:57:28] "[33mGET /static/css/Style.css HTTP/1.1[0m" 404 -
2022-02-08 23:59:37,164  * Detected change in 'C:\\Users\\Adesh Kumar\\PycharmProjects\\intership\\main.py', reloading
2022-02-08 23:59:37,226  * Restarting with stat
2022-02-08 23:59:38,277  * Debugger is active!
2022-02-08 23:59:38,285  * Debugger PIN: 162-847-642
2022-02-08 23:59:38,338  * Running on http://127.0.0.1:5000/ (Press CTRL+C to quit)
2022-02-09 00:00:08,698 /prediction URl called
2022-02-09 00:00:08,711 Data from the web page has arrinved.
2022-02-09 00:00:08,711 'collection_data' function of CollectData class has been called
2022-02-09 00:00:08,711 Error occured while collecting the data due to 'NoneType' object is not subscriptable
2022-02-09 00:00:08,711 ERROR occured 'NoneType' object is not subscriptable
2022-02-09 00:00:08,726 127.0.0.1 - - [09/Feb/2022 00:00:08] "[35m[1mPOST /predict HTTP/1.1[0m" 500 -
2022-02-09 00:00:08,779 127.0.0.1 - - [09/Feb/2022 00:00:08] "GET /predict?__debugger__=yes&cmd=resource&f=style.css HTTP/1.1" 200 -
2022-02-09 00:00:08,974 127.0.0.1 - - [09/Feb/2022 00:00:08] "GET /predict?__debugger__=yes&cmd=resource&f=debugger.js HTTP/1.1" 200 -
2022-02-09 00:00:09,351 127.0.0.1 - - [09/Feb/2022 00:00:09] "GET /predict?__debugger__=yes&cmd=resource&f=ubuntu.ttf HTTP/1.1" 200 -
2022-02-09 00:00:09,355 127.0.0.1 - - [09/Feb/2022 00:00:09] "GET /predict?__debugger__=yes&cmd=resource&f=console.png HTTP/1.1" 200 -
2022-02-09 00:00:09,594 127.0.0.1 - - [09/Feb/2022 00:00:09] "GET /predict?__debugger__=yes&cmd=resource&f=console.png HTTP/1.1" 200 -
2022-02-09 00:01:50,092  * Detected change in 'C:\\Users\\Adesh Kumar\\PycharmProjects\\intership\\main.py', reloading
2022-02-09 00:01:50,155  * Restarting with stat
2022-02-09 00:01:51,115  * Debugger is active!
2022-02-09 00:01:51,135  * Debugger PIN: 162-847-642
2022-02-09 00:01:51,191  * Running on http://127.0.0.1:5000/ (Press CTRL+C to quit)
2022-02-09 00:01:55,492 /prediction URl called
2022-02-09 00:01:55,494 Data from the web page has arrinved.
2022-02-09 00:01:55,494 'collection_data' function of CollectData class has been called
2022-02-09 00:01:55,494 Error occured while collecting the data due to unsupported operand type(s) for -: 'int' and 'str'
2022-02-09 00:01:55,494 ERROR occured unsupported operand type(s) for -: 'int' and 'str'
2022-02-09 00:01:55,508 127.0.0.1 - - [09/Feb/2022 00:01:55] "[35m[1mPOST /predict HTTP/1.1[0m" 500 -
2022-02-09 00:01:55,554 127.0.0.1 - - [09/Feb/2022 00:01:55] "GET /predict?__debugger__=yes&cmd=resource&f=style.css HTTP/1.1" 200 -
2022-02-09 00:01:55,759 127.0.0.1 - - [09/Feb/2022 00:01:55] "GET /predict?__debugger__=yes&cmd=resource&f=debugger.js HTTP/1.1" 200 -
2022-02-09 00:01:56,106 127.0.0.1 - - [09/Feb/2022 00:01:56] "GET /predict?__debugger__=yes&cmd=resource&f=ubuntu.ttf HTTP/1.1" 200 -
2022-02-09 00:01:56,106 127.0.0.1 - - [09/Feb/2022 00:01:56] "GET /predict?__debugger__=yes&cmd=resource&f=console.png HTTP/1.1" 200 -
2022-02-09 00:01:56,362 127.0.0.1 - - [09/Feb/2022 00:01:56] "GET /predict?__debugger__=yes&cmd=resource&f=console.png HTTP/1.1" 200 -
2022-02-09 00:05:17,555  * Detected change in 'C:\\Users\\Adesh Kumar\\PycharmProjects\\intership\\data_collecting\\collect_data.py', reloading
2022-02-09 00:05:17,617  * Restarting with stat
2022-02-09 00:05:18,633  * Debugger is active!
2022-02-09 00:05:18,633  * Debugger PIN: 162-847-642
2022-02-09 00:05:18,696  * Running on http://127.0.0.1:5000/ (Press CTRL+C to quit)
2022-02-09 00:05:47,556 /prediction URl called
2022-02-09 00:05:47,558 Data from the web page has arrinved.
2022-02-09 00:05:47,558 'collection_data' function of CollectData class has been called
2022-02-09 00:05:47,559 Data collection done
2022-02-09 00:05:47,559 Data is going for prediction.
2022-02-09 00:05:47,559 this is 'predict' funtion of 'Prediction' class..
2022-02-09 00:05:47,559  going for label encoding of data
2022-02-09 00:05:47,559 'label_encode' function of Preprocessor class has been called
2022-02-09 00:05:47,559 This is 'load_encoder' function of FileLoader class
2022-02-09 00:05:47,559 loading label encoder for Item_Fat_Content
2022-02-09 00:05:48,122 label encoding done for Item_Fat_Content
2022-02-09 00:05:48,122 This is 'load_encoder' function of FileLoader class
2022-02-09 00:05:48,122 loading label encoder for Outlet_Size
2022-02-09 00:05:48,122 label encoding done for Outlet_Size
2022-02-09 00:05:48,122 This is 'load_encoder' function of FileLoader class
2022-02-09 00:05:48,122 loading label encoder for Outlet_Location_Type
2022-02-09 00:05:48,123 label encoding done for Outlet_Location_Type
2022-02-09 00:05:48,123 This is 'load_encoder' function of FileLoader class
2022-02-09 00:05:48,123 loading label encoder for Outlet_Type
2022-02-09 00:05:48,123 label encoding done for Outlet_Type
2022-02-09 00:05:48,123 This is 'load_encoder' function of FileLoader class
2022-02-09 00:05:48,123 loading label encoder for Item_Type
2022-02-09 00:05:48,124 label encoding done for Item_Type
2022-02-09 00:05:48,124  label encoding of data is Done
2022-02-09 00:05:48,124  going for scaling of data
2022-02-09 00:05:48,124 'scaling' function of Preprocessor class has been called
2022-02-09 00:05:48,124 'load_scaler' function of FileLoder class has been called
2022-02-09 00:05:48,125  scaling of data Done
2022-02-09 00:05:48,125 Loading Model...
2022-02-09 00:05:48,125 Loading Model by using 'load_model' function of FileLoader class
2022-02-09 00:05:48,244  Model loaded
2022-02-09 00:05:48,244 using model for prediction
2022-02-09 00:05:48,245  prediction done successfully....!
2022-02-09 00:05:48,245 Result returning to page
2022-02-09 00:05:48,245 127.0.0.1 - - [09/Feb/2022 00:05:48] "POST /predict HTTP/1.1" 200 -
2022-02-09 00:07:16,694 /prediction URl called
2022-02-09 00:07:16,695 Data from the web page has arrinved.
2022-02-09 00:07:16,695 'collection_data' function of CollectData class has been called
2022-02-09 00:07:16,695 Data collection done
2022-02-09 00:07:16,695 Data is going for prediction.
2022-02-09 00:07:16,695 this is 'predict' funtion of 'Prediction' class..
2022-02-09 00:07:16,695  going for label encoding of data
2022-02-09 00:07:16,696 'label_encode' function of Preprocessor class has been called
2022-02-09 00:07:16,696 This is 'load_encoder' function of FileLoader class
2022-02-09 00:07:16,696 loading label encoder for Item_Fat_Content
2022-02-09 00:07:16,696 label encoding done for Item_Fat_Content
2022-02-09 00:07:16,696 This is 'load_encoder' function of FileLoader class
2022-02-09 00:07:16,697 loading label encoder for Outlet_Size
2022-02-09 00:07:16,697 label encoding done for Outlet_Size
2022-02-09 00:07:16,697 This is 'load_encoder' function of FileLoader class
2022-02-09 00:07:16,697 loading label encoder for Outlet_Location_Type
2022-02-09 00:07:16,698 label encoding done for Outlet_Location_Type
2022-02-09 00:07:16,698 This is 'load_encoder' function of FileLoader class
2022-02-09 00:07:16,698 loading label encoder for Outlet_Type
2022-02-09 00:07:16,698 label encoding done for Outlet_Type
2022-02-09 00:07:16,698 This is 'load_encoder' function of FileLoader class
2022-02-09 00:07:16,698 loading label encoder for Item_Type
2022-02-09 00:07:16,699 label encoding done for Item_Type
2022-02-09 00:07:16,699  label encoding of data is Done
2022-02-09 00:07:16,699  going for scaling of data
2022-02-09 00:07:16,699 'scaling' function of Preprocessor class has been called
2022-02-09 00:07:16,699 'load_scaler' function of FileLoder class has been called
2022-02-09 00:07:16,701  scaling of data Done
2022-02-09 00:07:16,701 Loading Model...
2022-02-09 00:07:16,701 Loading Model by using 'load_model' function of FileLoader class
2022-02-09 00:07:16,701  Model loaded
2022-02-09 00:07:16,701 using model for prediction
2022-02-09 00:07:16,702  prediction done successfully....!
2022-02-09 00:07:16,702 Result returning to page
2022-02-09 00:07:16,703 127.0.0.1 - - [09/Feb/2022 00:07:16] "POST /predict HTTP/1.1" 200 -
2022-02-09 00:15:22,859 Home page opened
2022-02-09 00:15:22,864 127.0.0.1 - - [09/Feb/2022 00:15:22] "GET / HTTP/1.1" 200 -
2022-02-09 00:15:22,901 127.0.0.1 - - [09/Feb/2022 00:15:22] "[33mGET /static/css/Style.css HTTP/1.1[0m" 404 -
2022-02-09 00:16:14,848 Home page opened
2022-02-09 00:16:14,850 127.0.0.1 - - [09/Feb/2022 00:16:14] "GET / HTTP/1.1" 200 -
2022-02-09 00:16:15,152 127.0.0.1 - - [09/Feb/2022 00:16:15] "[33mGET /static/css/Style.css HTTP/1.1[0m" 404 -
2022-02-09 00:16:52,794 Home page opened
2022-02-09 00:16:52,797 127.0.0.1 - - [09/Feb/2022 00:16:52] "GET / HTTP/1.1" 200 -
2022-02-09 00:16:52,834 127.0.0.1 - - [09/Feb/2022 00:16:52] "[33mGET /static/css/Style.css HTTP/1.1[0m" 404 -
2022-02-09 00:17:21,577 Home page opened
2022-02-09 00:17:21,580 127.0.0.1 - - [09/Feb/2022 00:17:21] "GET / HTTP/1.1" 200 -
2022-02-09 00:17:21,875 127.0.0.1 - - [09/Feb/2022 00:17:21] "[33mGET /static/css/Style.css HTTP/1.1[0m" 404 -
2022-02-09 00:17:24,755 Home page opened
2022-02-09 00:17:24,755 127.0.0.1 - - [09/Feb/2022 00:17:24] "GET / HTTP/1.1" 200 -
2022-02-09 00:17:24,804 127.0.0.1 - - [09/Feb/2022 00:17:24] "[33mGET /static/css/Style.css HTTP/1.1[0m" 404 -
2022-02-09 00:32:43,966  * Detected change in 'C:\\Users\\Adesh Kumar\\PycharmProjects\\intership\\main.py', reloading
2022-02-09 00:32:44,129  * Restarting with stat
2022-02-09 00:35:11,719  * Restarting with stat
2022-02-09 00:35:12,679  * Debugger is active!
2022-02-09 00:35:12,694  * Debugger PIN: 162-847-642
2022-02-09 00:35:12,741  * Running on http://127.0.0.1:5000/ (Press CTRL+C to quit)
2022-02-09 00:35:20,979 Home page opened
2022-02-09 00:35:20,985 127.0.0.1 - - [09/Feb/2022 00:35:20] "GET / HTTP/1.1" 200 -
2022-02-09 00:35:21,038 127.0.0.1 - - [09/Feb/2022 00:35:21] "[33mGET /static/css/Style.css HTTP/1.1[0m" 404 -
2022-02-09 00:35:24,139 Home page opened
2022-02-09 00:35:24,139 127.0.0.1 - - [09/Feb/2022 00:35:24] "GET / HTTP/1.1" 200 -
2022-02-09 00:35:24,441 127.0.0.1 - - [09/Feb/2022 00:35:24] "[33mGET /static/css/Style.css HTTP/1.1[0m" 404 -
2022-02-09 00:35:28,948 Home page opened
2022-02-09 00:35:28,949 127.0.0.1 - - [09/Feb/2022 00:35:28] "GET / HTTP/1.1" 200 -
2022-02-09 00:35:28,983 127.0.0.1 - - [09/Feb/2022 00:35:28] "[33mGET /static/css/Style.css HTTP/1.1[0m" 404 -
2022-02-09 00:35:47,353 /prediction URl called
2022-02-09 00:35:47,355 Data from the web page has arrinved.
2022-02-09 00:35:47,355 'collection_data' function of CollectData class has been called
2022-02-09 00:35:47,356 Data collection done
2022-02-09 00:35:47,356 Data is going for prediction.
2022-02-09 00:35:47,356 this is 'predict' funtion of 'Prediction' class..
2022-02-09 00:35:47,356  going for label encoding of data
2022-02-09 00:35:47,356 'label_encode' function of Preprocessor class has been called
2022-02-09 00:35:47,356 This is 'load_encoder' function of FileLoader class
2022-02-09 00:35:47,356 loading label encoder for Item_Fat_Content
2022-02-09 00:35:47,926 label encoding done for Item_Fat_Content
2022-02-09 00:35:47,926 This is 'load_encoder' function of FileLoader class
2022-02-09 00:35:47,926 loading label encoder for Outlet_Size
2022-02-09 00:35:47,927 label encoding done for Outlet_Size
2022-02-09 00:35:47,927 This is 'load_encoder' function of FileLoader class
2022-02-09 00:35:47,927 loading label encoder for Outlet_Location_Type
2022-02-09 00:35:47,927 label encoding done for Outlet_Location_Type
2022-02-09 00:35:47,927 This is 'load_encoder' function of FileLoader class
2022-02-09 00:35:47,928 loading label encoder for Outlet_Type
2022-02-09 00:35:47,928 label encoding done for Outlet_Type
2022-02-09 00:35:47,928 This is 'load_encoder' function of FileLoader class
2022-02-09 00:35:47,928 loading label encoder for Item_Type
2022-02-09 00:35:47,928 label encoding done for Item_Type
2022-02-09 00:35:47,928  label encoding of data is Done
2022-02-09 00:35:47,929  going for scaling of data
2022-02-09 00:35:47,929 'scaling' function of Preprocessor class has been called
2022-02-09 00:35:47,929 'load_scaler' function of FileLoder class has been called
2022-02-09 00:35:47,930  scaling of data Done
2022-02-09 00:35:47,930 Loading Model...
2022-02-09 00:35:47,930 Loading Model by using 'load_model' function of FileLoader class
2022-02-09 00:35:48,049  Model loaded
2022-02-09 00:35:48,049 using model for prediction
2022-02-09 00:35:48,050  prediction done successfully....!
2022-02-09 00:35:48,050 ERROR occured type numpy.ndarray doesn't define __round__ method
2022-02-09 00:35:48,060 127.0.0.1 - - [09/Feb/2022 00:35:48] "[35m[1mPOST /predict HTTP/1.1[0m" 500 -
2022-02-09 00:35:48,104 127.0.0.1 - - [09/Feb/2022 00:35:48] "GET /predict?__debugger__=yes&cmd=resource&f=style.css HTTP/1.1" 200 -
2022-02-09 00:35:48,412 127.0.0.1 - - [09/Feb/2022 00:35:48] "GET /predict?__debugger__=yes&cmd=resource&f=debugger.js HTTP/1.1" 200 -
2022-02-09 00:35:48,772 127.0.0.1 - - [09/Feb/2022 00:35:48] "GET /predict?__debugger__=yes&cmd=resource&f=ubuntu.ttf HTTP/1.1" 200 -
2022-02-09 00:35:48,775 127.0.0.1 - - [09/Feb/2022 00:35:48] "GET /predict?__debugger__=yes&cmd=resource&f=console.png HTTP/1.1" 200 -
2022-02-09 00:35:49,021 127.0.0.1 - - [09/Feb/2022 00:35:49] "GET /predict?__debugger__=yes&cmd=resource&f=console.png HTTP/1.1" 200 -
2022-02-09 00:37:50,123  * Detected change in 'C:\\Users\\Adesh Kumar\\PycharmProjects\\intership\\main.py', reloading
2022-02-09 00:37:50,248  * Restarting with stat
2022-02-09 00:37:51,253  * Debugger is active!
2022-02-09 00:37:51,261  * Debugger PIN: 162-847-642
2022-02-09 00:37:51,319  * Running on http://127.0.0.1:5000/ (Press CTRL+C to quit)
2022-02-09 00:37:54,595 /prediction URl called
2022-02-09 00:37:54,597 Data from the web page has arrinved.
2022-02-09 00:37:54,597 'collection_data' function of CollectData class has been called
2022-02-09 00:37:54,598 Data collection done
2022-02-09 00:37:54,598 Data is going for prediction.
2022-02-09 00:37:54,598 this is 'predict' funtion of 'Prediction' class..
2022-02-09 00:37:54,598  going for label encoding of data
2022-02-09 00:37:54,598 'label_encode' function of Preprocessor class has been called
2022-02-09 00:37:54,598 This is 'load_encoder' function of FileLoader class
2022-02-09 00:37:54,598 loading label encoder for Item_Fat_Content
2022-02-09 00:37:55,188 label encoding done for Item_Fat_Content
2022-02-09 00:37:55,188 This is 'load_encoder' function of FileLoader class
2022-02-09 00:37:55,188 loading label encoder for Outlet_Size
2022-02-09 00:37:55,189 label encoding done for Outlet_Size
2022-02-09 00:37:55,189 This is 'load_encoder' function of FileLoader class
2022-02-09 00:37:55,189 loading label encoder for Outlet_Location_Type
2022-02-09 00:37:55,189 label encoding done for Outlet_Location_Type
2022-02-09 00:37:55,189 This is 'load_encoder' function of FileLoader class
2022-02-09 00:37:55,189 loading label encoder for Outlet_Type
2022-02-09 00:37:55,190 label encoding done for Outlet_Type
2022-02-09 00:37:55,190 This is 'load_encoder' function of FileLoader class
2022-02-09 00:37:55,190 loading label encoder for Item_Type
2022-02-09 00:37:55,190 label encoding done for Item_Type
2022-02-09 00:37:55,190  label encoding of data is Done
2022-02-09 00:37:55,190  going for scaling of data
2022-02-09 00:37:55,190 'scaling' function of Preprocessor class has been called
2022-02-09 00:37:55,190 'load_scaler' function of FileLoder class has been called
2022-02-09 00:37:55,192  scaling of data Done
2022-02-09 00:37:55,192 Loading Model...
2022-02-09 00:37:55,192 Loading Model by using 'load_model' function of FileLoader class
2022-02-09 00:37:55,316  Model loaded
2022-02-09 00:37:55,316 using model for prediction
2022-02-09 00:37:55,317  prediction done successfully....!
2022-02-09 00:37:55,317 Result returning to page
2022-02-09 00:37:55,322 127.0.0.1 - - [09/Feb/2022 00:37:55] "POST /predict HTTP/1.1" 200 -
2022-02-09 00:37:55,389 127.0.0.1 - - [09/Feb/2022 00:37:55] "[33mGET /static/css/Style.css HTTP/1.1[0m" 404 -
2022-02-09 00:42:59,621 /prediction URl called
2022-02-09 00:42:59,622 Data from the web page has arrinved.
2022-02-09 00:42:59,622 'collection_data' function of CollectData class has been called
2022-02-09 00:42:59,623 Data collection done
2022-02-09 00:42:59,623 Data is going for prediction.
2022-02-09 00:42:59,623 this is 'predict' funtion of 'Prediction' class..
2022-02-09 00:42:59,623  going for label encoding of data
2022-02-09 00:42:59,623 'label_encode' function of Preprocessor class has been called
2022-02-09 00:42:59,623 This is 'load_encoder' function of FileLoader class
2022-02-09 00:42:59,623 loading label encoder for Item_Fat_Content
2022-02-09 00:42:59,624 label encoding done for Item_Fat_Content
2022-02-09 00:42:59,624 This is 'load_encoder' function of FileLoader class
2022-02-09 00:42:59,624 loading label encoder for Outlet_Size
2022-02-09 00:42:59,625 label encoding done for Outlet_Size
2022-02-09 00:42:59,625 This is 'load_encoder' function of FileLoader class
2022-02-09 00:42:59,625 loading label encoder for Outlet_Location_Type
2022-02-09 00:42:59,625 label encoding done for Outlet_Location_Type
2022-02-09 00:42:59,625 This is 'load_encoder' function of FileLoader class
2022-02-09 00:42:59,625 loading label encoder for Outlet_Type
2022-02-09 00:42:59,626 label encoding done for Outlet_Type
2022-02-09 00:42:59,626 This is 'load_encoder' function of FileLoader class
2022-02-09 00:42:59,626 loading label encoder for Item_Type
2022-02-09 00:42:59,626 label encoding done for Item_Type
2022-02-09 00:42:59,626  label encoding of data is Done
2022-02-09 00:42:59,626  going for scaling of data
2022-02-09 00:42:59,626 'scaling' function of Preprocessor class has been called
2022-02-09 00:42:59,626 'load_scaler' function of FileLoder class has been called
2022-02-09 00:42:59,628  scaling of data Done
2022-02-09 00:42:59,628 Loading Model...
2022-02-09 00:42:59,628 Loading Model by using 'load_model' function of FileLoader class
2022-02-09 00:42:59,628  Model loaded
2022-02-09 00:42:59,629 using model for prediction
2022-02-09 00:42:59,629  prediction done successfully....!
2022-02-09 00:42:59,629 Result returning to page
2022-02-09 00:42:59,632 127.0.0.1 - - [09/Feb/2022 00:42:59] "POST /predict HTTP/1.1" 200 -
2022-02-09 00:42:59,668 127.0.0.1 - - [09/Feb/2022 00:42:59] "[33mGET /static/css/Style.css HTTP/1.1[0m" 404 -
2022-02-09 00:43:56,212 /prediction URl called
2022-02-09 00:43:56,212 Data from the web page has arrinved.
2022-02-09 00:43:56,212 'collection_data' function of CollectData class has been called
2022-02-09 00:43:56,212 Data collection done
2022-02-09 00:43:56,213 Data is going for prediction.
2022-02-09 00:43:56,213 this is 'predict' funtion of 'Prediction' class..
2022-02-09 00:43:56,213  going for label encoding of data
2022-02-09 00:43:56,213 'label_encode' function of Preprocessor class has been called
2022-02-09 00:43:56,213 This is 'load_encoder' function of FileLoader class
2022-02-09 00:43:56,213 loading label encoder for Item_Fat_Content
2022-02-09 00:43:56,213 label encoding done for Item_Fat_Content
2022-02-09 00:43:56,213 This is 'load_encoder' function of FileLoader class
2022-02-09 00:43:56,214 loading label encoder for Outlet_Size
2022-02-09 00:43:56,214 label encoding done for Outlet_Size
2022-02-09 00:43:56,214 This is 'load_encoder' function of FileLoader class
2022-02-09 00:43:56,214 loading label encoder for Outlet_Location_Type
2022-02-09 00:43:56,214 label encoding done for Outlet_Location_Type
2022-02-09 00:43:56,215 This is 'load_encoder' function of FileLoader class
2022-02-09 00:43:56,215 loading label encoder for Outlet_Type
2022-02-09 00:43:56,215 label encoding done for Outlet_Type
2022-02-09 00:43:56,215 This is 'load_encoder' function of FileLoader class
2022-02-09 00:43:56,215 loading label encoder for Item_Type
2022-02-09 00:43:56,215 label encoding done for Item_Type
2022-02-09 00:43:56,216  label encoding of data is Done
2022-02-09 00:43:56,216  going for scaling of data
2022-02-09 00:43:56,216 'scaling' function of Preprocessor class has been called
2022-02-09 00:43:56,216 'load_scaler' function of FileLoder class has been called
2022-02-09 00:43:56,217  scaling of data Done
2022-02-09 00:43:56,217 Loading Model...
2022-02-09 00:43:56,217 Loading Model by using 'load_model' function of FileLoader class
2022-02-09 00:43:56,218  Model loaded
2022-02-09 00:43:56,218 using model for prediction
2022-02-09 00:43:56,219  prediction done successfully....!
2022-02-09 00:43:56,220 Result returning to page
2022-02-09 00:43:56,223 127.0.0.1 - - [09/Feb/2022 00:43:56] "POST /predict HTTP/1.1" 200 -
2022-02-09 00:43:56,514 127.0.0.1 - - [09/Feb/2022 00:43:56] "[33mGET /static/css/Style.css HTTP/1.1[0m" 404 -
2022-02-09 00:45:59,530 /prediction URl called
2022-02-09 00:45:59,530 Data from the web page has arrinved.
2022-02-09 00:45:59,531 'collection_data' function of CollectData class has been called
2022-02-09 00:45:59,531 Data collection done
2022-02-09 00:45:59,531 Data is going for prediction.
2022-02-09 00:45:59,531 this is 'predict' funtion of 'Prediction' class..
2022-02-09 00:45:59,532  going for label encoding of data
2022-02-09 00:45:59,532 'label_encode' function of Preprocessor class has been called
2022-02-09 00:45:59,532 This is 'load_encoder' function of FileLoader class
2022-02-09 00:45:59,532 loading label encoder for Item_Fat_Content
2022-02-09 00:45:59,533 label encoding done for Item_Fat_Content
2022-02-09 00:45:59,533 This is 'load_encoder' function of FileLoader class
2022-02-09 00:45:59,533 loading label encoder for Outlet_Size
2022-02-09 00:45:59,533 label encoding done for Outlet_Size
2022-02-09 00:45:59,533 This is 'load_encoder' function of FileLoader class
2022-02-09 00:45:59,533 loading label encoder for Outlet_Location_Type
2022-02-09 00:45:59,534 label encoding done for Outlet_Location_Type
2022-02-09 00:45:59,534 This is 'load_encoder' function of FileLoader class
2022-02-09 00:45:59,534 loading label encoder for Outlet_Type
2022-02-09 00:45:59,534 label encoding done for Outlet_Type
2022-02-09 00:45:59,535 This is 'load_encoder' function of FileLoader class
2022-02-09 00:45:59,535 loading label encoder for Item_Type
2022-02-09 00:45:59,535 label encoding done for Item_Type
2022-02-09 00:45:59,535  label encoding of data is Done
2022-02-09 00:45:59,535  going for scaling of data
2022-02-09 00:45:59,535 'scaling' function of Preprocessor class has been called
2022-02-09 00:45:59,535 'load_scaler' function of FileLoder class has been called
2022-02-09 00:45:59,537  scaling of data Done
2022-02-09 00:45:59,537 Loading Model...
2022-02-09 00:45:59,537 Loading Model by using 'load_model' function of FileLoader class
2022-02-09 00:45:59,538  Model loaded
2022-02-09 00:45:59,538 using model for prediction
2022-02-09 00:45:59,539  prediction done successfully....!
2022-02-09 00:45:59,539 Result returning to page
2022-02-09 00:45:59,541 127.0.0.1 - - [09/Feb/2022 00:45:59] "POST /predict HTTP/1.1" 200 -
2022-02-09 00:45:59,575 127.0.0.1 - - [09/Feb/2022 00:45:59] "[33mGET /static/css/Style.css HTTP/1.1[0m" 404 -
2022-02-09 00:47:56,009 /prediction URl called
2022-02-09 00:47:56,010 Data from the web page has arrinved.
2022-02-09 00:47:56,010 'collection_data' function of CollectData class has been called
2022-02-09 00:47:56,010 Error occured while collecting the data due to 400 Bad Request: The browser (or proxy) sent a request that this server could not understand.
2022-02-09 00:47:56,010 ERROR occured 400 Bad Request: The browser (or proxy) sent a request that this server could not understand.
2022-02-09 00:47:56,039 127.0.0.1 - - [09/Feb/2022 00:47:56] "[35m[1mGET /predict HTTP/1.1[0m" 500 -
2022-02-09 00:47:56,079 127.0.0.1 - - [09/Feb/2022 00:47:56] "GET /predict?__debugger__=yes&cmd=resource&f=style.css HTTP/1.1" 200 -
2022-02-09 00:47:56,277 127.0.0.1 - - [09/Feb/2022 00:47:56] "GET /predict?__debugger__=yes&cmd=resource&f=debugger.js HTTP/1.1" 200 -
2022-02-09 00:47:56,625 127.0.0.1 - - [09/Feb/2022 00:47:56] "GET /predict?__debugger__=yes&cmd=resource&f=ubuntu.ttf HTTP/1.1" 200 -
2022-02-09 00:47:56,649 127.0.0.1 - - [09/Feb/2022 00:47:56] "GET /predict?__debugger__=yes&cmd=resource&f=console.png HTTP/1.1" 200 -
2022-02-09 00:47:56,898 127.0.0.1 - - [09/Feb/2022 00:47:56] "GET /predict?__debugger__=yes&cmd=resource&f=console.png HTTP/1.1" 200 -
2022-02-09 00:49:21,142 Home page opened
2022-02-09 00:49:21,142 127.0.0.1 - - [09/Feb/2022 00:49:21] "GET / HTTP/1.1" 200 -
2022-02-09 00:49:21,173 127.0.0.1 - - [09/Feb/2022 00:49:21] "[33mGET /static/css/Style.css HTTP/1.1[0m" 404 -
2022-02-09 00:49:33,061 Home page opened
2022-02-09 00:49:33,062 127.0.0.1 - - [09/Feb/2022 00:49:33] "GET / HTTP/1.1" 200 -
2022-02-09 00:49:33,104 127.0.0.1 - - [09/Feb/2022 00:49:33] "[33mGET /static/css/Style.css HTTP/1.1[0m" 404 -
2022-02-09 00:49:34,695 Home page opened
2022-02-09 00:49:34,695 127.0.0.1 - - [09/Feb/2022 00:49:34] "GET / HTTP/1.1" 200 -
2022-02-09 00:49:34,732 127.0.0.1 - - [09/Feb/2022 00:49:34] "[33mGET /static/css/Style.css HTTP/1.1[0m" 404 -
2022-02-09 00:49:40,460 /prediction URl called
2022-02-09 00:49:40,460 Data from the web page has arrinved.
2022-02-09 00:49:40,461 'collection_data' function of CollectData class has been called
2022-02-09 00:49:40,461 Error occured while collecting the data due to 400 Bad Request: The browser (or proxy) sent a request that this server could not understand.
2022-02-09 00:49:40,461 ERROR occured 400 Bad Request: The browser (or proxy) sent a request that this server could not understand.
2022-02-09 00:49:40,477 127.0.0.1 - - [09/Feb/2022 00:49:40] "[35m[1mGET /predict HTTP/1.1[0m" 500 -
2022-02-09 00:49:40,769 127.0.0.1 - - [09/Feb/2022 00:49:40] "GET /predict?__debugger__=yes&cmd=resource&f=style.css HTTP/1.1" 200 -
2022-02-09 00:49:40,847 127.0.0.1 - - [09/Feb/2022 00:49:40] "GET /predict?__debugger__=yes&cmd=resource&f=debugger.js HTTP/1.1" 200 -
2022-02-09 00:49:41,192 127.0.0.1 - - [09/Feb/2022 00:49:41] "GET /predict?__debugger__=yes&cmd=resource&f=ubuntu.ttf HTTP/1.1" 200 -
2022-02-09 00:49:41,192 127.0.0.1 - - [09/Feb/2022 00:49:41] "GET /predict?__debugger__=yes&cmd=resource&f=console.png HTTP/1.1" 200 -
2022-02-09 00:52:11,339  * Restarting with stat
2022-02-09 00:52:12,283  * Debugger is active!
2022-02-09 00:52:12,283  * Debugger PIN: 162-847-642
2022-02-09 00:52:12,345  * Running on http://127.0.0.1:5000/ (Press CTRL+C to quit)
2022-02-09 00:52:18,250 /prediction URl called
2022-02-09 00:52:18,252 Data from the web page has arrinved.
2022-02-09 00:52:18,252 'collection_data' function of CollectData class has been called
2022-02-09 00:52:18,252 Error occured while collecting the data due to 400 Bad Request: The browser (or proxy) sent a request that this server could not understand.
2022-02-09 00:52:18,252 ERROR occured 400 Bad Request: The browser (or proxy) sent a request that this server could not understand.
2022-02-09 00:52:18,268 127.0.0.1 - - [09/Feb/2022 00:52:18] "[35m[1mGET /predict HTTP/1.1[0m" 500 -
2022-02-09 00:52:18,321 127.0.0.1 - - [09/Feb/2022 00:52:18] "GET /predict?__debugger__=yes&cmd=resource&f=style.css HTTP/1.1" 200 -
2022-02-09 00:52:18,515 127.0.0.1 - - [09/Feb/2022 00:52:18] "GET /predict?__debugger__=yes&cmd=resource&f=debugger.js HTTP/1.1" 200 -
2022-02-09 00:52:18,857 127.0.0.1 - - [09/Feb/2022 00:52:18] "GET /predict?__debugger__=yes&cmd=resource&f=ubuntu.ttf HTTP/1.1" 200 -
2022-02-09 00:52:18,858 127.0.0.1 - - [09/Feb/2022 00:52:18] "GET /predict?__debugger__=yes&cmd=resource&f=console.png HTTP/1.1" 200 -
2022-02-09 00:52:19,106 127.0.0.1 - - [09/Feb/2022 00:52:19] "GET /predict?__debugger__=yes&cmd=resource&f=console.png HTTP/1.1" 200 -
2022-02-09 00:53:31,185  * Detected change in 'C:\\Users\\Adesh Kumar\\PycharmProjects\\intership\\main.py', reloading
2022-02-09 00:53:31,248  * Restarting with stat
2022-02-09 00:53:32,279  * Debugger is active!
2022-02-09 00:53:32,279  * Debugger PIN: 162-847-642
2022-02-09 00:53:32,343  * Running on http://127.0.0.1:5000/ (Press CTRL+C to quit)
2022-02-09 00:53:32,842 /prediction URl called
2022-02-09 00:53:32,844 Data from the web page has arrinved.
2022-02-09 00:53:32,844 'collection_data' function of CollectData class has been called
2022-02-09 00:53:32,844 Error occured while collecting the data due to 400 Bad Request: The browser (or proxy) sent a request that this server could not understand.
2022-02-09 00:53:32,844 ERROR occured 400 Bad Request: The browser (or proxy) sent a request that this server could not understand.
2022-02-09 00:53:32,860 127.0.0.1 - - [09/Feb/2022 00:53:32] "[35m[1mGET /predict HTTP/1.1[0m" 500 -
2022-02-09 00:53:32,928 127.0.0.1 - - [09/Feb/2022 00:53:32] "GET /predict?__debugger__=yes&cmd=resource&f=style.css HTTP/1.1" 200 -
2022-02-09 00:53:33,107 127.0.0.1 - - [09/Feb/2022 00:53:33] "GET /predict?__debugger__=yes&cmd=resource&f=debugger.js HTTP/1.1" 200 -
2022-02-09 00:53:33,453 127.0.0.1 - - [09/Feb/2022 00:53:33] "GET /predict?__debugger__=yes&cmd=resource&f=ubuntu.ttf HTTP/1.1" 200 -
2022-02-09 00:53:33,453 127.0.0.1 - - [09/Feb/2022 00:53:33] "GET /predict?__debugger__=yes&cmd=resource&f=console.png HTTP/1.1" 200 -
2022-02-09 00:53:33,703 127.0.0.1 - - [09/Feb/2022 00:53:33] "GET /predict?__debugger__=yes&cmd=resource&f=console.png HTTP/1.1" 200 -
2022-02-09 00:55:00,371  * Detected change in 'C:\\Users\\Adesh Kumar\\PycharmProjects\\intership\\main.py', reloading
2022-02-09 00:55:00,449  * Restarting with stat
2022-02-09 00:55:01,437  * Debugger is active!
2022-02-09 00:55:01,448  * Debugger PIN: 162-847-642
2022-02-09 00:55:01,505  * Running on http://127.0.0.1:5000/ (Press CTRL+C to quit)
2022-02-09 00:55:02,592 /prediction URl called
2022-02-09 00:55:02,597 127.0.0.1 - - [09/Feb/2022 00:55:02] "GET /predict HTTP/1.1" 200 -
2022-02-09 00:55:02,651 127.0.0.1 - - [09/Feb/2022 00:55:02] "[33mGET /static/css/Style.css HTTP/1.1[0m" 404 -
2022-02-09 00:55:06,343 /prediction URl called
2022-02-09 00:55:06,344 127.0.0.1 - - [09/Feb/2022 00:55:06] "GET /predict HTTP/1.1" 200 -
2022-02-09 00:55:06,646 127.0.0.1 - - [09/Feb/2022 00:55:06] "[33mGET /static/css/Style.css HTTP/1.1[0m" 404 -
2022-02-09 00:57:26,933  * Detected change in 'C:\\Users\\Adesh Kumar\\PycharmProjects\\intership\\main.py', reloading
2022-02-09 00:57:26,996  * Restarting with stat
2022-02-09 00:57:27,982  * Debugger is active!
2022-02-09 00:57:27,990  * Debugger PIN: 162-847-642
2022-02-09 00:57:28,050  * Running on http://127.0.0.1:5000/ (Press CTRL+C to quit)
2022-02-09 00:57:59,180 /prediction URl called
2022-02-09 00:57:59,186 127.0.0.1 - - [09/Feb/2022 00:57:59] "POST /predict HTTP/1.1" 200 -
2022-02-09 00:57:59,227 127.0.0.1 - - [09/Feb/2022 00:57:59] "[33mGET /static/css/Style.css HTTP/1.1[0m" 404 -
2022-02-09 00:58:51,305  * Detected change in 'C:\\Users\\Adesh Kumar\\PycharmProjects\\intership\\main.py', reloading
2022-02-09 00:58:51,365  * Restarting with stat
2022-02-09 00:58:52,330  * Debugger is active!
2022-02-09 00:58:52,338  * Debugger PIN: 162-847-642
2022-02-09 00:58:52,395  * Running on http://127.0.0.1:5000/ (Press CTRL+C to quit)
2022-02-09 00:58:55,398 /prediction URl called
2022-02-09 00:58:55,400 Data from the web page has arrinved.
2022-02-09 00:58:55,400 'collection_data' function of CollectData class has been called
2022-02-09 00:58:55,400 Data collection done
2022-02-09 00:58:55,400 Data is going for prediction.
2022-02-09 00:58:55,401 this is 'predict' funtion of 'Prediction' class..
2022-02-09 00:58:55,401  going for label encoding of data
2022-02-09 00:58:55,401 'label_encode' function of Preprocessor class has been called
2022-02-09 00:58:55,401 This is 'load_encoder' function of FileLoader class
2022-02-09 00:58:55,401 loading label encoder for Item_Fat_Content
2022-02-09 00:58:55,969 label encoding done for Item_Fat_Content
2022-02-09 00:58:55,970 This is 'load_encoder' function of FileLoader class
2022-02-09 00:58:55,970 loading label encoder for Outlet_Size
2022-02-09 00:58:55,970 label encoding done for Outlet_Size
2022-02-09 00:58:55,970 This is 'load_encoder' function of FileLoader class
2022-02-09 00:58:55,970 loading label encoder for Outlet_Location_Type
2022-02-09 00:58:55,971 label encoding done for Outlet_Location_Type
2022-02-09 00:58:55,971 This is 'load_encoder' function of FileLoader class
2022-02-09 00:58:55,971 loading label encoder for Outlet_Type
2022-02-09 00:58:55,971 label encoding done for Outlet_Type
2022-02-09 00:58:55,971 This is 'load_encoder' function of FileLoader class
2022-02-09 00:58:55,971 loading label encoder for Item_Type
2022-02-09 00:58:55,972 label encoding done for Item_Type
2022-02-09 00:58:55,972  label encoding of data is Done
2022-02-09 00:58:55,972  going for scaling of data
2022-02-09 00:58:55,972 'scaling' function of Preprocessor class has been called
2022-02-09 00:58:55,972 'load_scaler' function of FileLoder class has been called
2022-02-09 00:58:55,973  scaling of data Done
2022-02-09 00:58:55,973 Loading Model...
2022-02-09 00:58:55,973 Loading Model by using 'load_model' function of FileLoader class
2022-02-09 00:58:56,086  Model loaded
2022-02-09 00:58:56,086 using model for prediction
2022-02-09 00:58:56,087  prediction done successfully....!
2022-02-09 00:58:56,087 Result returning to page
2022-02-09 00:58:56,091 127.0.0.1 - - [09/Feb/2022 00:58:56] "POST /predict HTTP/1.1" 200 -
2022-02-09 00:58:56,140 127.0.0.1 - - [09/Feb/2022 00:58:56] "[33mGET /static/css/Style.css HTTP/1.1[0m" 404 -
